<?xml version="1.0" encoding="UTF-8"?>
<!-- Generated by org.testng.reporters.JUnitReportReporter -->
<testsuite hostname="ASUSTUF" failures="0" tests="1" name="junkinProject.junkin" time="0.403" errors="0" timestamp="2023-05-15T16:57:56 IST" skipped="0">
  <testcase classname="junkinProject.junkin" name="orangeHRM" time="0.403"/>
  <system-out/>
</testsuite> <!-- junkinProject.junkin -->
